TN:
SF:src\db\index.ts
FNF:1
FNH:1
DA:6,62
DA:7,71
DA:8,46
DA:9,26
DA:12,48
DA:13,52
DA:15,64
DA:16,54
DA:18,53
DA:19,41
DA:23,6
DA:24,15
DA:25,0
DA:26,0
DA:28,0
DA:29,2
DA:31,57
DA:33,52
DA:34,55
DA:37,45
DA:40,24
LF:21
LH:18
end_of_record
TN:
SF:src\db\schema-postgres.ts
FNF:60
FNH:0
DA:1,137
DA:13,40
DA:16,40
DA:17,41
DA:18,32
DA:19,30
DA:20,33
DA:21,55
DA:22,73
DA:23,53
DA:24,10
DA:25,14
DA:26,53
DA:27,10
DA:28,12
DA:29,3
DA:31,53
DA:32,28
DA:33,24
DA:34,10
DA:35,39
DA:36,25
DA:37,22
DA:38,17
DA:39,15
DA:40,38
DA:41,44
DA:42,47
DA:43,30
DA:44,30
DA:45,42
DA:46,37
DA:47,58
DA:48,10
DA:49,13
DA:50,77
DA:51,21
DA:52,62
DA:53,41
DA:54,53
DA:55,10
DA:56,14
DA:57,53
DA:58,10
DA:59,12
DA:60,3
DA:62,31
DA:63,12
DA:64,3
DA:65,28
DA:66,24
DA:67,10
DA:68,39
DA:69,31
DA:70,40
DA:71,10
DA:72,39
DA:73,58
DA:74,78
DA:75,76
DA:76,1
DA:77,0
DA:78,0
DA:81,3
DA:83,72
DA:84,28
DA:85,40
DA:86,10
DA:87,39
DA:88,38
DA:89,26
DA:90,35
DA:91,23
DA:92,21
DA:93,78
DA:94,57
DA:95,3
DA:97,36
DA:98,18
DA:99,3
DA:100,28
DA:101,24
DA:102,10
DA:103,39
DA:104,46
DA:105,21
DA:106,54
DA:107,26
DA:108,53
DA:109,10
DA:110,14
DA:111,53
DA:112,10
DA:113,12
DA:114,1
DA:115,0
DA:116,0
DA:117,0
DA:120,3
DA:122,61
DA:123,28
DA:124,25
DA:125,10
DA:126,39
DA:127,24
DA:128,10
DA:129,39
DA:130,31
DA:131,46
DA:132,40
DA:133,34
DA:134,53
DA:135,10
DA:136,12
DA:137,3
DA:139,37
DA:140,19
DA:141,3
DA:142,28
DA:143,25
DA:144,10
DA:145,39
DA:146,36
DA:147,39
DA:148,46
DA:149,35
DA:150,38
DA:151,34
DA:152,23
DA:153,55
DA:154,22
DA:155,5
DA:156,58
DA:157,2
DA:158,24
DA:159,4
DA:160,30
DA:161,53
DA:162,10
DA:163,14
DA:164,53
DA:165,10
DA:166,12
DA:167,1
DA:168,0
DA:171,3
DA:173,40
DA:174,22
DA:175,3
DA:176,28
DA:177,24
DA:178,10
DA:179,39
DA:180,37
DA:181,51
DA:182,34
DA:183,36
DA:184,53
DA:185,10
DA:186,14
DA:187,53
DA:188,10
DA:189,12
DA:190,1
DA:191,0
DA:194,3
DA:196,39
DA:197,21
DA:198,3
DA:199,28
DA:200,33
DA:201,10
DA:202,39
DA:203,46
DA:204,31
DA:205,19
DA:206,30
DA:207,53
DA:208,10
DA:209,12
DA:210,1
DA:211,0
DA:212,0
DA:213,0
DA:216,3
DA:218,43
DA:219,26
DA:220,3
DA:221,28
DA:222,31
DA:223,10
DA:224,39
DA:225,33
DA:226,44
DA:227,31
DA:228,34
DA:229,26
DA:230,44
DA:231,53
DA:232,10
DA:233,12
DA:234,1
DA:235,0
DA:236,0
DA:237,0
DA:240,3
DA:242,39
DA:243,21
DA:244,3
DA:245,28
DA:246,33
DA:247,10
DA:248,39
DA:249,50
DA:250,2
DA:251,24
DA:252,4
DA:253,28
DA:254,53
DA:255,10
DA:256,12
DA:257,1
DA:258,0
DA:261,3
DA:263,43
DA:264,25
DA:265,3
DA:266,28
DA:267,31
DA:268,10
DA:269,39
DA:270,46
DA:271,22
DA:272,5
DA:273,52
DA:274,26
DA:275,28
DA:276,53
DA:277,10
DA:278,12
DA:279,1
DA:280,0
DA:281,0
DA:282,0
DA:285,3
DA:287,61
DA:288,28
DA:289,24
DA:290,10
DA:291,39
DA:292,52
DA:293,42
DA:294,21
DA:295,38
DA:296,60
DA:299,47
DA:300,49
DA:301,66
DA:302,45
DA:303,61
DA:304,40
DA:305,46
DA:307,53
DA:308,10
DA:309,14
DA:310,53
DA:311,10
DA:312,12
DA:313,3
DA:315,39
DA:316,22
DA:317,3
DA:318,28
DA:319,24
DA:320,10
DA:321,39
DA:322,37
DA:323,34
DA:324,42
DA:325,31
DA:326,55
DA:327,51
DA:328,64
DA:329,53
DA:330,10
DA:331,14
DA:332,53
DA:333,10
DA:334,12
DA:335,1
DA:336,0
DA:337,0
DA:338,0
DA:339,0
DA:340,0
DA:341,0
DA:342,0
DA:343,0
DA:344,0
DA:347,3
DA:349,61
DA:350,36
DA:351,31
DA:352,39
DA:353,40
DA:354,54
DA:355,23
DA:356,53
DA:357,10
DA:358,14
DA:359,53
DA:360,10
DA:361,12
DA:362,3
DA:366,38
DA:367,20
DA:368,3
DA:369,28
DA:370,38
DA:371,24
DA:372,10
DA:373,39
DA:374,39
DA:375,26
DA:376,40
DA:377,47
DA:378,53
DA:379,10
DA:380,14
DA:381,63
DA:382,1
DA:383,0
DA:384,0
DA:385,0
DA:388,3
DA:390,0
DA:391,0
DA:393,3
DA:395,0
DA:396,0
DA:397,0
DA:398,0
DA:400,3
DA:402,54
DA:403,21
DA:404,0
DA:405,0
DA:406,0
DA:407,0
DA:410,3
DA:412,51
DA:413,18
DA:414,0
DA:415,0
DA:416,0
DA:417,0
DA:418,0
DA:419,0
DA:422,3
DA:424,50
DA:425,17
DA:426,0
DA:427,0
DA:428,0
DA:429,0
DA:430,0
DA:431,0
DA:434,3
DA:436,54
DA:437,21
DA:438,0
DA:439,0
DA:440,0
DA:441,0
DA:444,3
DA:446,50
DA:447,17
DA:448,0
DA:449,0
DA:450,0
DA:451,0
DA:452,0
DA:453,0
DA:454,0
DA:455,0
DA:458,3
DA:460,54
DA:461,21
DA:462,0
DA:463,0
DA:464,0
DA:465,0
DA:466,0
DA:467,0
DA:468,0
DA:469,0
DA:472,2
LF:397
LH:326
end_of_record
TN:
SF:src\db\schema-sqlite.ts
FNF:63
FNH:18
DA:1,91
DA:9,40
DA:12,44
DA:13,41
DA:14,32
DA:15,30
DA:16,33
DA:17,55
DA:18,69
DA:19,52
DA:20,10
DA:21,14
DA:22,52
DA:23,10
DA:24,12
DA:25,3
DA:27,57
DA:28,48
DA:29,24
DA:30,10
DA:31,39
DA:32,25
DA:33,22
DA:34,17
DA:35,15
DA:36,38
DA:37,44
DA:38,64
DA:39,47
DA:40,47
DA:41,42
DA:42,54
DA:43,77
DA:44,73
DA:45,21
DA:46,79
DA:47,58
DA:48,52
DA:49,10
DA:50,14
DA:51,52
DA:52,10
DA:53,12
DA:54,3
DA:56,35
DA:57,12
DA:58,3
DA:59,48
DA:60,24
DA:61,10
DA:62,39
DA:63,31
DA:64,36
DA:65,10
DA:66,39
DA:67,75
DA:68,52
DA:69,10
DA:70,14
DA:71,52
DA:72,10
DA:73,12
DA:74,1
DA:75,15
DA:77,54
DA:79,3
DA:81,76
DA:82,48
DA:83,36
DA:84,10
DA:85,39
DA:86,55
DA:87,43
DA:88,35
DA:89,23
DA:90,21
DA:91,52
DA:92,10
DA:93,14
DA:94,56
DA:95,3
DA:97,40
DA:98,18
DA:99,3
DA:100,48
DA:101,24
DA:102,10
DA:103,39
DA:104,46
DA:105,21
DA:106,54
DA:107,43
DA:108,52
DA:109,10
DA:110,14
DA:111,52
DA:112,10
DA:113,12
DA:114,1
DA:115,15
DA:118,66
DA:120,3
DA:122,65
DA:123,48
DA:124,21
DA:125,10
DA:126,39
DA:127,24
DA:128,10
DA:129,39
DA:130,31
DA:131,46
DA:132,40
DA:133,30
DA:134,52
DA:135,10
DA:136,12
DA:137,3
DA:139,41
DA:140,19
DA:141,3
DA:142,48
DA:143,21
DA:144,10
DA:145,39
DA:146,36
DA:147,39
DA:148,42
DA:149,35
DA:150,27
DA:151,23
DA:152,23
DA:153,51
DA:154,22
DA:155,5
DA:156,54
DA:157,2
DA:158,24
DA:159,4
DA:160,47
DA:161,52
DA:162,10
DA:163,14
DA:164,52
DA:165,10
DA:166,12
DA:167,1
DA:168,15
DA:169,54
DA:171,3
DA:173,44
DA:174,22
DA:175,3
DA:176,48
DA:177,24
DA:178,10
DA:179,39
DA:180,37
DA:181,51
DA:182,51
DA:183,53
DA:184,52
DA:185,10
DA:186,14
DA:187,52
DA:188,10
DA:189,12
DA:190,1
DA:191,15
DA:192,68
DA:194,3
DA:196,43
DA:197,21
DA:198,3
DA:199,48
DA:200,29
DA:201,10
DA:202,39
DA:203,42
DA:204,31
DA:205,19
DA:206,47
DA:207,52
DA:208,10
DA:209,12
DA:210,1
DA:211,15
DA:212,28
DA:213,42
DA:214,40
DA:216,3
DA:218,47
DA:219,26
DA:220,3
DA:221,48
DA:222,27
DA:223,10
DA:224,39
DA:225,33
DA:226,33
DA:227,31
DA:228,51
DA:229,43
DA:230,61
DA:231,52
DA:232,10
DA:233,12
DA:234,1
DA:235,15
DA:236,62
DA:237,14
DA:238,2
DA:240,3
DA:242,43
DA:243,21
DA:244,3
DA:245,48
DA:246,29
DA:247,10
DA:248,39
DA:249,53
DA:250,22
DA:251,5
DA:252,45
DA:253,52
DA:254,10
DA:255,12
DA:256,1
DA:257,15
DA:258,76
DA:260,3
DA:262,47
DA:263,25
DA:264,3
DA:265,48
DA:266,27
DA:267,10
DA:268,39
DA:269,42
DA:270,22
DA:271,5
DA:272,52
DA:273,22
DA:274,24
DA:275,52
DA:276,10
DA:277,12
DA:278,1
DA:279,15
DA:280,61
DA:281,14
DA:282,2
DA:284,3
DA:286,65
DA:287,48
DA:288,24
DA:289,10
DA:290,39
DA:291,52
DA:292,42
DA:293,21
DA:294,55
DA:295,77
DA:298,47
DA:299,49
DA:300,65
DA:301,62
DA:302,61
DA:303,40
DA:304,63
DA:306,52
DA:307,10
DA:308,14
DA:309,52
DA:310,10
DA:311,12
DA:312,3
DA:314,43
DA:315,22
DA:316,3
DA:317,48
DA:318,24
DA:319,10
DA:320,39
DA:321,37
DA:322,34
DA:323,42
DA:324,31
DA:325,44
DA:326,40
DA:327,53
DA:328,52
DA:329,10
DA:330,14
DA:331,52
DA:332,10
DA:333,12
DA:334,1
DA:335,15
DA:337,35
DA:338,14
DA:339,15
DA:340,18
DA:341,16
DA:342,12
DA:343,15
DA:344,2
DA:346,3
DA:348,65
DA:349,36
DA:350,31
DA:351,39
DA:352,40
DA:353,54
DA:354,23
DA:355,52
DA:356,10
DA:357,14
DA:358,52
DA:359,10
DA:360,12
DA:361,3
DA:365,42
DA:366,20
DA:367,3
DA:368,48
DA:369,38
DA:370,24
DA:371,10
DA:372,39
DA:373,39
DA:374,43
DA:375,57
DA:376,43
DA:377,52
DA:378,10
DA:379,14
DA:380,62
DA:381,1
DA:382,15
DA:384,58
DA:385,75
DA:387,3
DA:389,75
DA:390,41
DA:391,25
DA:392,3
DA:394,68
DA:395,34
DA:396,36
DA:397,30
DA:398,3
DA:399,3
DA:401,54
DA:402,21
DA:403,17
DA:404,34
DA:405,48
DA:406,30
DA:407,3
DA:409,3
DA:411,51
DA:412,18
DA:413,23
DA:414,22
DA:415,39
DA:416,29
DA:417,5
DA:418,34
DA:419,32
DA:421,3
DA:423,50
DA:424,17
DA:425,23
DA:426,37
DA:427,41
DA:428,36
DA:429,5
DA:430,42
DA:431,40
DA:433,3
DA:435,54
DA:436,21
DA:437,17
DA:438,35
DA:439,44
DA:440,35
DA:441,3
DA:443,3
DA:445,50
DA:446,17
DA:447,17
DA:448,37
DA:449,41
DA:450,36
DA:451,5
DA:452,39
DA:453,44
DA:454,35
DA:455,3
DA:457,3
DA:459,54
DA:460,21
DA:461,17
DA:462,35
DA:463,44
DA:464,35
DA:465,5
DA:466,33
DA:467,43
DA:468,34
DA:469,3
DA:471,2
LF:413
LH:413
end_of_record
TN:
SF:src\db\schema.ts
FNF:1
FNH:1
DA:6,48
DA:7,52
DA:9,64
DA:10,54
DA:16,26
DA:17,2
DA:18,13
DA:22,15
DA:23,14
DA:24,11
DA:25,23
DA:26,16
DA:27,18
DA:28,17
DA:29,20
DA:30,19
DA:31,23
DA:32,19
DA:33,23
DA:34,18
DA:35,18
DA:36,19
DA:37,18
DA:38,23
DA:39,20
DA:40,32
DA:41,29
DA:42,28
DA:43,32
DA:44,28
DA:45,32
DA:46,9
DA:47,7
LF:33
LH:33
end_of_record
TN:
SF:src\test\idempotency\quick-test.ts
FNF:18
FNH:11
DA:9,84
DA:10,39
DA:11,74
DA:12,45
DA:13,54
DA:15,39
DA:17,60
DA:18,19
DA:19,53
DA:20,11
DA:21,66
DA:22,67
DA:23,0
DA:24,3
DA:26,4
DA:28,20
DA:30,36
DA:31,35
DA:32,66
DA:35,37
DA:36,28
DA:37,25
DA:38,23
DA:39,33
DA:40,20
DA:41,6
DA:42,4
DA:44,19
DA:46,36
DA:47,34
DA:48,4
DA:50,58
DA:51,0
DA:52,0
DA:53,0
DA:54,0
DA:55,0
DA:56,0
DA:57,0
DA:58,0
DA:59,0
DA:60,0
DA:61,0
DA:62,0
DA:63,0
DA:64,0
DA:65,0
DA:66,0
DA:67,0
DA:68,0
DA:69,0
DA:70,0
DA:71,0
DA:72,0
DA:73,0
DA:74,0
DA:75,0
DA:76,0
DA:77,0
DA:78,0
DA:79,0
DA:80,0
DA:81,0
DA:82,0
DA:83,0
DA:84,0
DA:85,0
DA:86,0
DA:87,0
DA:88,0
DA:89,0
DA:90,0
DA:91,0
DA:92,0
DA:93,0
DA:94,0
DA:95,0
DA:96,0
DA:97,0
DA:98,0
DA:99,0
DA:100,0
DA:101,0
DA:102,0
DA:103,0
DA:105,6
DA:107,0
DA:108,0
DA:109,0
DA:110,0
DA:111,0
DA:112,0
DA:113,0
DA:114,0
DA:115,0
DA:116,0
DA:117,0
DA:118,0
DA:119,0
DA:120,0
DA:121,0
DA:122,0
DA:123,0
DA:124,0
DA:125,0
DA:126,0
DA:127,0
DA:128,0
DA:129,0
DA:130,0
DA:131,0
DA:132,0
DA:133,0
DA:134,0
DA:135,0
DA:136,0
DA:137,0
DA:138,0
DA:139,0
DA:140,0
DA:141,0
DA:142,0
DA:143,0
DA:144,0
DA:145,0
DA:146,0
DA:148,4
DA:149,4
DA:151,48
DA:152,0
DA:153,0
DA:154,0
DA:155,0
DA:156,0
DA:157,0
DA:158,0
DA:159,0
DA:160,0
DA:161,0
DA:162,0
DA:163,0
DA:164,0
DA:165,0
DA:166,0
DA:167,0
DA:168,0
DA:169,0
DA:170,0
DA:171,0
DA:172,0
DA:173,0
DA:174,0
DA:175,0
DA:176,0
DA:177,0
DA:178,0
DA:179,0
DA:180,0
DA:181,0
DA:182,0
DA:183,0
DA:184,0
DA:185,0
DA:186,0
DA:187,0
DA:188,0
DA:189,0
DA:190,0
DA:191,0
DA:192,0
DA:194,6
DA:196,0
DA:197,0
DA:198,0
DA:199,0
DA:200,0
DA:201,0
DA:202,0
DA:203,0
DA:204,0
DA:205,0
DA:206,0
DA:207,0
DA:208,0
DA:209,0
DA:210,0
DA:211,0
DA:212,0
DA:213,0
DA:214,0
DA:215,0
DA:216,0
DA:217,0
DA:218,0
DA:219,0
DA:220,0
DA:221,0
DA:222,0
DA:223,0
DA:224,0
DA:225,0
DA:226,0
DA:227,0
DA:228,0
DA:229,0
DA:230,0
DA:231,0
DA:232,0
DA:233,0
DA:234,0
DA:235,0
DA:236,0
DA:237,0
DA:238,0
DA:239,0
DA:240,0
DA:241,0
DA:242,0
DA:243,0
DA:244,0
DA:245,0
DA:246,0
DA:247,0
DA:248,0
DA:249,0
DA:250,0
DA:251,0
DA:252,0
DA:254,6
DA:256,0
DA:257,0
DA:258,0
DA:259,0
DA:260,0
DA:261,0
DA:262,0
DA:263,0
DA:264,0
DA:265,0
DA:266,0
DA:267,0
DA:268,0
DA:269,0
DA:270,0
DA:271,0
DA:272,0
DA:273,0
DA:274,0
DA:275,0
DA:276,0
DA:277,0
DA:278,0
DA:279,0
DA:280,0
DA:281,0
DA:282,0
DA:283,0
DA:284,0
DA:285,0
DA:287,4
DA:288,4
DA:290,45
DA:291,0
DA:292,0
DA:293,0
DA:294,0
DA:295,0
DA:296,0
DA:297,0
DA:298,0
DA:299,0
DA:300,0
DA:301,0
DA:302,0
DA:303,0
DA:304,0
DA:305,0
DA:306,0
DA:307,0
DA:308,0
DA:309,0
DA:310,0
DA:311,0
DA:312,0
DA:313,0
DA:314,0
DA:315,0
DA:316,0
DA:317,0
DA:318,0
DA:319,0
DA:320,0
DA:321,0
DA:322,0
DA:323,0
DA:324,0
DA:325,0
DA:326,0
DA:327,0
DA:328,0
DA:329,0
DA:330,0
DA:332,4
DA:333,4
DA:335,54
DA:336,0
DA:337,0
DA:338,0
DA:339,0
DA:340,0
DA:341,0
DA:342,0
DA:343,0
DA:344,0
DA:345,0
DA:346,0
DA:347,0
DA:348,0
DA:349,0
DA:350,0
DA:351,0
DA:352,0
DA:353,0
DA:354,0
DA:355,0
DA:356,0
DA:357,0
DA:358,0
DA:359,0
DA:360,0
DA:361,0
DA:362,0
DA:363,0
DA:364,0
DA:365,0
DA:366,0
DA:367,0
DA:368,0
DA:369,0
DA:370,0
DA:371,0
DA:372,0
DA:373,0
DA:374,0
DA:375,0
DA:376,0
DA:377,0
DA:378,0
DA:379,0
DA:380,0
DA:381,0
DA:382,0
DA:383,0
DA:384,0
DA:385,0
DA:386,0
DA:387,0
DA:388,0
DA:389,0
DA:390,0
DA:391,0
DA:392,0
DA:393,0
DA:394,0
DA:395,0
DA:396,0
DA:397,0
DA:398,0
DA:399,0
DA:400,0
DA:401,0
DA:402,0
DA:403,0
DA:405,4
DA:406,3
DA:407,2
LF:376
LH:46
end_of_record
