{"meta": {"format": 3, "version": "7.13.1", "timestamp": "2026-02-04T20:58:18.915890", "branch_coverage": false, "show_contexts": false}, "files": {"src\\__init__.py": {"executed_lines": [], "summary": {"covered_lines": 0, "num_statements": 6, "percent_covered": 0.0, "percent_covered_display": "0", "missing_lines": 6, "excluded_lines": 0, "percent_statements_covered": 0.0, "percent_statements_covered_display": "0"}, "missing_lines": [18, 29, 34, 50, 51, 52], "excluded_lines": [], "functions": {"": {"executed_lines": [], "summary": {"covered_lines": 0, "num_statements": 6, "percent_covered": 0.0, "percent_covered_display": "0", "missing_lines": 6, "excluded_lines": 0, "percent_statements_covered": 0.0, "percent_statements_covered_display": "0"}, "missing_lines": [18, 29, 34, 50, 51, 52], "excluded_lines": [], "start_line": 1}}, "classes": {"": {"executed_lines": [], "summary": {"covered_lines": 0, "num_statements": 6, "percent_covered": 0.0, "percent_covered_display": "0", "missing_lines": 6, "excluded_lines": 0, "percent_statements_covered": 0.0, "percent_statements_covered_display": "0"}, "missing_lines": [18, 29, 34, 50, 51, 52], "excluded_lines": [], "start_line": 1}}}, "src\\aci_calculator.py": {"executed_lines": [29, 30, 31, 32, 33, 34, 35, 36, 37, 38, 41, 42, 44, 45, 78, 79, 90, 106, 107, 116, 117, 118, 119, 120, 121, 122, 123, 124, 125, 128, 129, 130, 131, 132, 134, 136, 154, 155, 158, 165, 168, 169, 177, 178, 179, 180, 183, 186, 187, 190, 191, 192, 193, 194, 196, 197, 215, 216, 232, 234, 236, 238, 240, 242, 244, 246, 248, 250, 252, 255, 266, 284, 298, 299, 302, 303, 306, 311, 312, 317, 324, 399, 509, 533, 617, 633, 650, 664, 665, 668, 675, 677, 688, 710, 711, 714, 715, 717, 719, 721, 723, 726, 729, 733, 736, 737, 739, 747, 753, 778, 779, 782, 783, 788, 790, 792, 801, 809, 811, 812, 817, 820, 821, 825, 831, 852, 858, 859, 860, 865, 866, 868, 876, 878, 903, 904, 906, 914, 915, 916, 917, 919, 921, 924, 926, 938, 939, 940, 942, 943, 944, 945, 946, 947, 949, 951, 953, 954, 955, 961, 964, 967, 974, 976, 977, 986, 989, 995, 996, 997, 998, 999, 1001, 1018, 1039, 1041, 1054, 1062, 1064, 1065, 1067, 1076, 1078, 1080, 1098, 1099, 1101, 1102, 1104, 1111, 1113, 1134, 1140, 1143, 1146, 1153, 1160, 1168, 1175, 1176, 1178, 1180, 1182, 1184, 1185, 1187, 1189, 1190, 1192, 1193, 1195, 1197, 1199, 1214, 1217, 1218, 1220, 1221, 1222, 1223, 1225, 1228, 1229, 1231, 1232, 1235, 1238, 1239, 1241, 1243, 1250], "summary": {"covered_lines": 231, "num_statements": 388, "percent_covered": 59.5360824742268, "percent_covered_display": "60", "missing_lines": 157, "excluded_lines": 0, "percent_statements_covered": 59.5360824742268, "percent_statements_covered_display": "60"}, "missing_lines": [46, 47, 48, 49, 51, 52, 53, 54, 55, 56, 57, 58, 59, 60, 61, 63, 64, 65, 66, 67, 68, 69, 71, 72, 73, 74, 75, 91, 92, 93, 94, 95, 96, 97, 98, 99, 233, 235, 237, 239, 241, 243, 245, 247, 249, 251, 253, 257, 258, 259, 304, 314, 315, 348, 349, 351, 364, 367, 368, 369, 378, 379, 380, 389, 397, 427, 437, 438, 439, 441, 443, 448, 449, 450, 453, 455, 456, 457, 458, 461, 462, 463, 466, 470, 476, 481, 489, 490, 491, 497, 498, 503, 504, 505, 507, 524, 531, 551, 559, 560, 562, 564, 565, 566, 567, 568, 569, 570, 572, 574, 577, 578, 582, 595, 597, 598, 599, 602, 603, 607, 612, 613, 615, 619, 620, 621, 622, 623, 624, 625, 626, 749, 750, 751, 793, 799, 802, 807, 823, 839, 840, 845, 922, 927, 934, 935, 982, 983, 1002, 1008, 1009, 1010, 1011, 1012, 1015, 1016, 1144], "excluded_lines": [], "functions": {"ACIResult.to_dict": {"executed_lines": [136], "summary": {"covered_lines": 1, "num_statements": 1, "percent_covered": 100.0, "percent_covered_display": "100", "missing_lines": 0, "excluded_lines": 0, "percent_statements_covered": 100.0, "percent_statements_covered_display": "100"}, "missing_lines": [], "excluded_lines": [], "start_line": 134}, "ACIResult.from_dict": {"executed_lines": [158, 165], "summary": {"covered_lines": 2, "num_statements": 2, "percent_covered": 100.0, "percent_covered_display": "100", "missing_lines": 0, "excluded_lines": 0, "percent_statements_covered": 100.0, "percent_statements_covered_display": "100"}, "missing_lines": [], "excluded_lines": [], "start_line": 155}, "ACIConfig.from_env": {"executed_lines": [215, 216, 232, 234, 236, 238, 240, 242, 244, 246, 248, 250, 252, 255], "summary": {"covered_lines": 14, "num_statements": 28, "percent_covered": 50.0, "percent_covered_display": "50", "missing_lines": 14, "excluded_lines": 0, "percent_statements_covered": 50.0, "percent_statements_covered_display": "50"}, "missing_lines": [233, 235, 237, 239, 241, 243, 245, 247, 249, 251, 253, 257, 258, 259], "excluded_lines": [], "start_line": 197}, "Z3AnomalyDetector.__init__": {"executed_lines": [298, 299, 302, 303, 306, 311, 312, 317], "summary": {"covered_lines": 8, "num_statements": 11, "percent_covered": 72.72727272727273, "percent_covered_display": "73", "missing_lines": 3, "excluded_lines": 0, "percent_statements_covered": 72.72727272727273, "percent_statements_covered_display": "73"}, "missing_lines": [304, 314, 315], "excluded_lines": [], "start_line": 284}, "Z3AnomalyDetector.encode_anomaly_constraints": {"executed_lines": [], "summary": {"covered_lines": 0, "num_statements": 12, "percent_covered": 0.0, "percent_covered_display": "0", "missing_lines": 12, "excluded_lines": 0, "percent_statements_covered": 0.0, "percent_statements_covered_display": "0"}, "missing_lines": [348, 349, 351, 364, 367, 368, 369, 378, 379, 380, 389, 397], "excluded_lines": [], "start_line": 324}, "Z3AnomalyDetector.verify_anomaly_satisfiability": {"executed_lines": [], "summary": {"covered_lines": 0, "num_statements": 30, "percent_covered": 0.0, "percent_covered_display": "0", "missing_lines": 30, "excluded_lines": 0, "percent_statements_covered": 0.0, "percent_statements_covered_display": "0"}, "missing_lines": [427, 437, 438, 439, 441, 443, 448, 449, 450, 453, 455, 456, 457, 458, 461, 462, 463, 466, 470, 476, 481, 489, 490, 491, 497, 498, 503, 504, 505, 507], "excluded_lines": [], "start_line": 399}, "Z3AnomalyDetector.verify_high_entropy_signal": {"executed_lines": [], "summary": {"covered_lines": 0, "num_statements": 2, "percent_covered": 0.0, "percent_covered_display": "0", "missing_lines": 2, "excluded_lines": 0, "percent_statements_covered": 0.0, "percent_statements_covered_display": "0"}, "missing_lines": [524, 531], "excluded_lines": [], "start_line": 509}, "Z3AnomalyDetector.formal_entropy_analysis": {"executed_lines": [], "summary": {"covered_lines": 0, "num_statements": 26, "percent_covered": 0.0, "percent_covered_display": "0", "missing_lines": 26, "excluded_lines": 0, "percent_statements_covered": 0.0, "percent_statements_covered_display": "0"}, "missing_lines": [551, 559, 560, 562, 564, 565, 566, 567, 568, 569, 570, 572, 574, 577, 578, 582, 595, 597, 598, 599, 602, 603, 607, 612, 613, 615], "excluded_lines": [], "start_line": 533}, "Z3AnomalyDetector._calculate_entropy_raw": {"executed_lines": [], "summary": {"covered_lines": 0, "num_statements": 8, "percent_covered": 0.0, "percent_covered_display": "0", "missing_lines": 8, "excluded_lines": 0, "percent_statements_covered": 0.0, "percent_statements_covered_display": "0"}, "missing_lines": [619, 620, 621, 622, 623, 624, 625, 626], "excluded_lines": [], "start_line": 617}, "AnomalyCharacterizationIndex.__init__": {"executed_lines": [664, 665, 668, 675, 677], "summary": {"covered_lines": 5, "num_statements": 5, "percent_covered": 100.0, "percent_covered_display": "100", "missing_lines": 0, "excluded_lines": 0, "percent_statements_covered": 100.0, "percent_statements_covered_display": "100"}, "missing_lines": [], "excluded_lines": [], "start_line": 650}, "AnomalyCharacterizationIndex.calculate_disorder_entropy": {"executed_lines": [710, 711, 714, 715, 717, 719, 721, 723, 726, 729, 733, 736, 737, 739, 747], "summary": {"covered_lines": 15, "num_statements": 18, "percent_covered": 83.33333333333333, "percent_covered_display": "83", "missing_lines": 3, "excluded_lines": 0, "percent_statements_covered": 83.33333333333333, "percent_statements_covered_display": "83"}, "missing_lines": [749, 750, 751], "excluded_lines": [], "start_line": 688}, "AnomalyCharacterizationIndex.calculate_causal_coherence": {"executed_lines": [778, 779, 782, 783, 788, 790, 792, 801, 809, 811, 812, 817, 820, 821, 825, 831, 852, 858, 859, 860, 865, 866, 868, 876], "summary": {"covered_lines": 24, "num_statements": 32, "percent_covered": 75.0, "percent_covered_display": "75", "missing_lines": 8, "excluded_lines": 0, "percent_statements_covered": 75.0, "percent_statements_covered_display": "75"}, "missing_lines": [793, 799, 802, 807, 823, 839, 840, 845], "excluded_lines": [], "start_line": 753}, "AnomalyCharacterizationIndex.detect_high_entropy_signals": {"executed_lines": [903, 904, 906, 914, 915, 916, 917, 919, 921, 924, 926, 938, 939, 940, 942, 943, 944, 945, 946, 947, 949, 951, 953, 954, 955, 961, 964, 967, 974, 976, 977, 986, 989, 995, 996, 997, 998, 999, 1001, 1018, 1039, 1041, 1054, 1062, 1064, 1065, 1067, 1076, 1078], "summary": {"covered_lines": 49, "num_statements": 63, "percent_covered": 77.77777777777777, "percent_covered_display": "78", "missing_lines": 14, "excluded_lines": 0, "percent_statements_covered": 77.77777777777777, "percent_statements_covered_display": "78"}, "missing_lines": [922, 927, 934, 935, 982, 983, 1002, 1008, 1009, 1010, 1011, 1012, 1015, 1016], "excluded_lines": [], "start_line": 878}, "AnomalyCharacterizationIndex.calculate_aci_reduction": {"executed_lines": [1098, 1099, 1101, 1102, 1104, 1111], "summary": {"covered_lines": 6, "num_statements": 6, "percent_covered": 100.0, "percent_covered_display": "100", "missing_lines": 0, "excluded_lines": 0, "percent_statements_covered": 100.0, "percent_statements_covered_display": "100"}, "missing_lines": [], "excluded_lines": [], "start_line": 1080}, "AnomalyCharacterizationIndex.get_high_priority_signals": {"executed_lines": [1134, 1140, 1143, 1146, 1153], "summary": {"covered_lines": 5, "num_statements": 6, "percent_covered": 83.33333333333333, "percent_covered_display": "83", "missing_lines": 1, "excluded_lines": 0, "percent_statements_covered": 83.33333333333333, "percent_statements_covered_display": "83"}, "missing_lines": [1144], "excluded_lines": [], "start_line": 1113}, "SyntheticDataGenerator.__init__": {"executed_lines": [1175, 1176], "summary": {"covered_lines": 2, "num_statements": 2, "percent_covered": 100.0, "percent_covered_display": "100", "missing_lines": 0, "excluded_lines": 0, "percent_statements_covered": 100.0, "percent_statements_covered_display": "100"}, "missing_lines": [], "excluded_lines": [], "start_line": 1168}, "SyntheticDataGenerator.generate_constant_signal": {"executed_lines": [1180], "summary": {"covered_lines": 1, "num_statements": 1, "percent_covered": 100.0, "percent_covered_display": "100", "missing_lines": 0, "excluded_lines": 0, "percent_statements_covered": 100.0, "percent_statements_covered_display": "100"}, "missing_lines": [], "excluded_lines": [], "start_line": 1178}, "SyntheticDataGenerator.generate_sine_wave": {"executed_lines": [1184, 1185], "summary": {"covered_lines": 2, "num_statements": 2, "percent_covered": 100.0, "percent_covered_display": "100", "missing_lines": 0, "excluded_lines": 0, "percent_statements_covered": 100.0, "percent_statements_covered_display": "100"}, "missing_lines": [], "excluded_lines": [], "start_line": 1182}, "SyntheticDataGenerator.generate_random_walk": {"executed_lines": [1189, 1190, 1192, 1193], "summary": {"covered_lines": 4, "num_statements": 4, "percent_covered": 100.0, "percent_covered_display": "100", "missing_lines": 0, "excluded_lines": 0, "percent_statements_covered": 100.0, "percent_statements_covered_display": "100"}, "missing_lines": [], "excluded_lines": [], "start_line": 1187}, "SyntheticDataGenerator.generate_white_noise": {"executed_lines": [1197], "summary": {"covered_lines": 1, "num_statements": 1, "percent_covered": 100.0, "percent_covered_display": "100", "missing_lines": 0, "excluded_lines": 0, "percent_statements_covered": 100.0, "percent_statements_covered_display": "100"}, "missing_lines": [], "excluded_lines": [], "start_line": 1195}, "SyntheticDataGenerator.generate_multi_variable_experiment": {"executed_lines": [1214, 1217, 1218, 1220, 1221, 1222, 1223, 1225, 1228, 1229, 1231, 1232, 1235, 1238, 1239, 1241, 1243], "summary": {"covered_lines": 17, "num_statements": 17, "percent_covered": 100.0, "percent_covered_display": "100", "missing_lines": 0, "excluded_lines": 0, "percent_statements_covered": 100.0, "percent_statements_covered_display": "100"}, "missing_lines": [], "excluded_lines": [], "start_line": 1199}, "": {"executed_lines": [29, 30, 31, 32, 33, 34, 35, 36, 37, 38, 41, 42, 44, 45, 78, 79, 90, 106, 107, 116, 117, 118, 119, 120, 121, 122, 123, 124, 125, 128, 129, 130, 131, 132, 134, 154, 155, 168, 169, 177, 178, 179, 180, 183, 186, 187, 190, 191, 192, 193, 194, 196, 197, 266, 284, 324, 399, 509, 533, 617, 633, 650, 688, 753, 878, 1080, 1113, 1160, 1168, 1178, 1182, 1187, 1195, 1199, 1250], "summary": {"covered_lines": 75, "num_statements": 111, "percent_covered": 67.56756756756756, "percent_covered_display": "68", "missing_lines": 36, "excluded_lines": 0, "percent_statements_covered": 67.56756756756756, "percent_statements_covered_display": "68"}, "missing_lines": [46, 47, 48, 49, 51, 52, 53, 54, 55, 56, 57, 58, 59, 60, 61, 63, 64, 65, 66, 67, 68, 69, 71, 72, 73, 74, 75, 91, 92, 93, 94, 95, 96, 97, 98, 99], "excluded_lines": [], "start_line": 1}}, "classes": {"ACIResult": {"executed_lines": [136, 158, 165], "summary": {"covered_lines": 3, "num_statements": 3, "percent_covered": 100.0, "percent_covered_display": "100", "missing_lines": 0, "excluded_lines": 0, "percent_statements_covered": 100.0, "percent_statements_covered_display": "100"}, "missing_lines": [], "excluded_lines": [], "start_line": 107}, "ACIConfig": {"executed_lines": [215, 216, 232, 234, 236, 238, 240, 242, 244, 246, 248, 250, 252, 255], "summary": {"covered_lines": 14, "num_statements": 28, "percent_covered": 50.0, "percent_covered_display": "50", "missing_lines": 14, "excluded_lines": 0, "percent_statements_covered": 50.0, "percent_statements_covered_display": "50"}, "missing_lines": [233, 235, 237, 239, 241, 243, 245, 247, 249, 251, 253, 257, 258, 259], "excluded_lines": [], "start_line": 169}, "Z3AnomalyDetector": {"executed_lines": [298, 299, 302, 303, 306, 311, 312, 317], "summary": {"covered_lines": 8, "num_statements": 89, "percent_covered": 8.98876404494382, "percent_covered_display": "9", "missing_lines": 81, "excluded_lines": 0, "percent_statements_covered": 8.98876404494382, "percent_statements_covered_display": "9"}, "missing_lines": [304, 314, 315, 348, 349, 351, 364, 367, 368, 369, 378, 379, 380, 389, 397, 427, 437, 438, 439, 441, 443, 448, 449, 450, 453, 455, 456, 457, 458, 461, 462, 463, 466, 470, 476, 481, 489, 490, 491, 497, 498, 503, 504, 505, 507, 524, 531, 551, 559, 560, 562, 564, 565, 566, 567, 568, 569, 570, 572, 574, 577, 578, 582, 595, 597, 598, 599, 602, 603, 607, 612, 613, 615, 619, 620, 621, 622, 623, 624, 625, 626], "excluded_lines": [], "start_line": 266}, "AnomalyCharacterizationIndex": {"executed_lines": [664, 665, 668, 675, 677, 710, 711, 714, 715, 717, 719, 721, 723, 726, 729, 733, 736, 737, 739, 747, 778, 779, 782, 783, 788, 790, 792, 801, 809, 811, 812, 817, 820, 821, 825, 831, 852, 858, 859, 860, 865, 866, 868, 876, 903, 904, 906, 914, 915, 916, 917, 919, 921, 924, 926, 938, 939, 940, 942, 943, 944, 945, 946, 947, 949, 951, 953, 954, 955, 961, 964, 967, 974, 976, 977, 986, 989, 995, 996, 997, 998, 999, 1001, 1018, 1039, 1041, 1054, 1062, 1064, 1065, 1067, 1076, 1078, 1098, 1099, 1101, 1102, 1104, 1111, 1134, 1140, 1143, 1146, 1153], "summary": {"covered_lines": 104, "num_statements": 130, "percent_covered": 80.0, "percent_covered_display": "80", "missing_lines": 26, "excluded_lines": 0, "percent_statements_covered": 80.0, "percent_statements_covered_display": "80"}, "missing_lines": [749, 750, 751, 793, 799, 802, 807, 823, 839, 840, 845, 922, 927, 934, 935, 982, 983, 1002, 1008, 1009, 1010, 1011, 1012, 1015, 1016, 1144], "excluded_lines": [], "start_line": 633}, "SyntheticDataGenerator": {"executed_lines": [1175, 1176, 1180, 1184, 1185, 1189, 1190, 1192, 1193, 1197, 1214, 1217, 1218, 1220, 1221, 1222, 1223, 1225, 1228, 1229, 1231, 1232, 1235, 1238, 1239, 1241, 1243], "summary": {"covered_lines": 27, "num_statements": 27, "percent_covered": 100.0, "percent_covered_display": "100", "missing_lines": 0, "excluded_lines": 0, "percent_statements_covered": 100.0, "percent_statements_covered_display": "100"}, "missing_lines": [], "excluded_lines": [], "start_line": 1160}, "": {"executed_lines": [29, 30, 31, 32, 33, 34, 35, 36, 37, 38, 41, 42, 44, 45, 78, 79, 90, 106, 107, 116, 117, 118, 119, 120, 121, 122, 123, 124, 125, 128, 129, 130, 131, 132, 134, 154, 155, 168, 169, 177, 178, 179, 180, 183, 186, 187, 190, 191, 192, 193, 194, 196, 197, 266, 284, 324, 399, 509, 533, 617, 633, 650, 688, 753, 878, 1080, 1113, 1160, 1168, 1178, 1182, 1187, 1195, 1199, 1250], "summary": {"covered_lines": 75, "num_statements": 111, "percent_covered": 67.56756756756756, "percent_covered_display": "68", "missing_lines": 36, "excluded_lines": 0, "percent_statements_covered": 67.56756756756756, "percent_statements_covered_display": "68"}, "missing_lines": [46, 47, 48, 49, 51, 52, 53, 54, 55, 56, 57, 58, 59, 60, 61, 63, 64, 65, 66, 67, 68, 69, 71, 72, 73, 74, 75, 91, 92, 93, 94, 95, 96, 97, 98, 99], "excluded_lines": [], "start_line": 1}}}, "src\\health_api.py": {"executed_lines": [], "summary": {"covered_lines": 0, "num_statements": 101, "percent_covered": 0.0, "percent_covered_display": "0", "missing_lines": 101, "excluded_lines": 0, "percent_statements_covered": 0.0, "percent_statements_covered_display": "0"}, "missing_lines": [22, 23, 24, 25, 26, 27, 28, 31, 33, 34, 35, 36, 37, 38, 39, 40, 43, 44, 49, 50, 51, 58, 71, 72, 73, 80, 92, 93, 98, 99, 101, 102, 103, 104, 105, 110, 113, 129, 143, 144, 154, 163, 164, 179, 181, 183, 184, 185, 188, 189, 190, 191, 192, 193, 194, 195, 197, 198, 199, 200, 201, 202, 203, 208, 214, 215, 227, 229, 230, 233, 234, 239, 242, 243, 244, 247, 248, 249, 256, 257, 260, 269, 270, 271, 272, 273, 275, 281, 282, 289, 312, 313, 315, 332, 340, 341, 343, 344, 346, 354, 355], "excluded_lines": [], "functions": {"get_executor": {"executed_lines": [], "summary": {"covered_lines": 0, "num_statements": 10, "percent_covered": 0.0, "percent_covered_display": "0", "missing_lines": 10, "excluded_lines": 0, "percent_statements_covered": 0.0, "percent_statements_covered_display": "0"}, "missing_lines": [92, 93, 98, 99, 101, 102, 103, 104, 105, 110], "excluded_lines": [], "start_line": 80}, "create_response": {"executed_lines": [], "summary": {"covered_lines": 0, "num_statements": 1, "percent_covered": 0.0, "percent_covered_display": "0", "missing_lines": 1, "excluded_lines": 0, "percent_statements_covered": 0.0, "percent_statements_covered_display": "0"}, "missing_lines": [129], "excluded_lines": [], "start_line": 113}, "liveness": {"executed_lines": [], "summary": {"covered_lines": 0, "num_statements": 1, "percent_covered": 0.0, "percent_covered_display": "0", "missing_lines": 1, "excluded_lines": 0, "percent_statements_covered": 0.0, "percent_statements_covered_display": "0"}, "missing_lines": [154], "excluded_lines": [], "start_line": 144}, "readiness": {"executed_lines": [], "summary": {"covered_lines": 0, "num_statements": 21, "percent_covered": 0.0, "percent_covered_display": "0", "missing_lines": 21, "excluded_lines": 0, "percent_statements_covered": 0.0, "percent_statements_covered_display": "0"}, "missing_lines": [179, 181, 183, 184, 185, 188, 189, 190, 191, 192, 193, 194, 195, 197, 198, 199, 200, 201, 202, 203, 208], "excluded_lines": [], "start_line": 164}, "metrics": {"executed_lines": [], "summary": {"covered_lines": 0, "num_statements": 21, "percent_covered": 0.0, "percent_covered_display": "0", "missing_lines": 21, "excluded_lines": 0, "percent_statements_covered": 0.0, "percent_statements_covered_display": "0"}, "missing_lines": [227, 229, 230, 233, 234, 239, 242, 243, 244, 247, 248, 249, 256, 257, 260, 269, 270, 271, 272, 273, 275], "excluded_lines": [], "start_line": 215}, "root": {"executed_lines": [], "summary": {"covered_lines": 0, "num_statements": 1, "percent_covered": 0.0, "percent_covered_display": "0", "missing_lines": 1, "excluded_lines": 0, "percent_statements_covered": 0.0, "percent_statements_covered_display": "0"}, "missing_lines": [289], "excluded_lines": [], "start_line": 282}, "global_exception_handler": {"executed_lines": [], "summary": {"covered_lines": 0, "num_statements": 1, "percent_covered": 0.0, "percent_covered_display": "0", "missing_lines": 1, "excluded_lines": 0, "percent_statements_covered": 0.0, "percent_statements_covered_display": "0"}, "missing_lines": [315], "excluded_lines": [], "start_line": 313}, "main": {"executed_lines": [], "summary": {"covered_lines": 0, "num_statements": 5, "percent_covered": 0.0, "percent_covered_display": "0", "missing_lines": 5, "excluded_lines": 0, "percent_statements_covered": 0.0, "percent_statements_covered_display": "0"}, "missing_lines": [340, 341, 343, 344, 346], "excluded_lines": [], "start_line": 332}, "": {"executed_lines": [], "summary": {"covered_lines": 0, "num_statements": 40, "percent_covered": 0.0, "percent_covered_display": "0", "missing_lines": 40, "excluded_lines": 0, "percent_statements_covered": 0.0, "percent_statements_covered_display": "0"}, "missing_lines": [22, 23, 24, 25, 26, 27, 28, 31, 33, 34, 35, 36, 37, 38, 39, 40, 43, 44, 49, 50, 51, 58, 71, 72, 73, 80, 113, 143, 144, 163, 164, 214, 215, 281, 282, 312, 313, 332, 354, 355], "excluded_lines": [], "start_line": 1}}, "classes": {"": {"executed_lines": [], "summary": {"covered_lines": 0, "num_statements": 101, "percent_covered": 0.0, "percent_covered_display": "0", "missing_lines": 101, "excluded_lines": 0, "percent_statements_covered": 0.0, "percent_statements_covered_display": "0"}, "missing_lines": [22, 23, 24, 25, 26, 27, 28, 31, 33, 34, 35, 36, 37, 38, 39, 40, 43, 44, 49, 50, 51, 58, 71, 72, 73, 80, 92, 93, 98, 99, 101, 102, 103, 104, 105, 110, 113, 129, 143, 144, 154, 163, 164, 179, 181, 183, 184, 185, 188, 189, 190, 191, 192, 193, 194, 195, 197, 198, 199, 200, 201, 202, 203, 208, 214, 215, 227, 229, 230, 233, 234, 239, 242, 243, 244, 247, 248, 249, 256, 257, 260, 269, 270, 271, 272, 273, 275, 281, 282, 289, 312, 313, 315, 332, 340, 341, 343, 344, 346, 354, 355], "excluded_lines": [], "start_line": 1}}}, "src\\phase3_adapter.py": {"executed_lines": [19, 20, 21, 22, 23, 24, 25, 26, 29, 30, 32, 33, 39, 50, 51, 74, 82, 93, 94, 97, 99, 104, 124, 125, 128, 129, 130, 131, 132, 135, 136, 138, 144, 146, 165, 177, 178, 184, 194, 196, 203, 215, 231, 232, 235, 240, 241, 242, 243, 245, 247, 248, 251, 256, 264, 271, 287, 304, 305, 308, 309, 311, 312, 313, 314, 316, 318, 325, 327, 334, 351, 353, 361, 363, 365, 367, 369, 371, 373, 374, 375, 376, 378, 379, 380, 383, 385, 387, 411, 431, 463, 471], "summary": {"covered_lines": 92, "num_statements": 155, "percent_covered": 59.354838709677416, "percent_covered_display": "59", "missing_lines": 63, "excluded_lines": 0, "percent_statements_covered": 59.354838709677416, "percent_statements_covered_display": "59"}, "missing_lines": [40, 42, 48, 56, 58, 59, 63, 64, 65, 66, 67, 149, 150, 152, 153, 160, 162, 168, 171, 172, 174, 185, 186, 205, 206, 207, 208, 236, 237, 238, 257, 258, 278, 279, 280, 281, 342, 343, 344, 345, 381, 424, 433, 435, 436, 437, 438, 440, 443, 445, 446, 447, 448, 450, 451, 452, 453, 455, 456, 457, 458, 460, 464], "excluded_lines": [], "functions": {"Phase3Adapter.__init__": {"executed_lines": [93, 94, 97, 99], "summary": {"covered_lines": 4, "num_statements": 4, "percent_covered": 100.0, "percent_covered_display": "100", "missing_lines": 0, "excluded_lines": 0, "percent_statements_covered": 100.0, "percent_statements_covered_display": "100"}, "missing_lines": [], "excluded_lines": [], "start_line": 82}, "Phase3Adapter.search": {"executed_lines": [124, 125, 128, 129, 130, 131, 132, 135, 136, 138, 144, 146, 165, 177, 178, 184, 194, 196, 203], "summary": {"covered_lines": 19, "num_statements": 25, "percent_covered": 76.0, "percent_covered_display": "76", "missing_lines": 6, "excluded_lines": 0, "percent_statements_covered": 76.0, "percent_statements_covered_display": "76"}, "missing_lines": [185, 186, 205, 206, 207, 208], "excluded_lines": [], "start_line": 104}, "Phase3Adapter.search.hypothesis_generator": {"executed_lines": [], "summary": {"covered_lines": 0, "num_statements": 6, "percent_covered": 0.0, "percent_covered_display": "0", "missing_lines": 6, "excluded_lines": 0, "percent_statements_covered": 0.0, "percent_statements_covered_display": "0"}, "missing_lines": [149, 150, 152, 153, 160, 162], "excluded_lines": [], "start_line": 146}, "Phase3Adapter.search.reward_function": {"executed_lines": [], "summary": {"covered_lines": 0, "num_statements": 4, "percent_covered": 0.0, "percent_covered_display": "0", "missing_lines": 4, "excluded_lines": 0, "percent_statements_covered": 0.0, "percent_statements_covered_display": "0"}, "missing_lines": [168, 171, 172, 174], "excluded_lines": [], "start_line": 165}, "Phase3Adapter.validate_hypothesis": {"executed_lines": [231, 232, 235, 240, 241, 242, 243, 245, 247, 248, 251, 256, 264, 271], "summary": {"covered_lines": 14, "num_statements": 23, "percent_covered": 60.869565217391305, "percent_covered_display": "61", "missing_lines": 9, "excluded_lines": 0, "percent_statements_covered": 60.869565217391305, "percent_statements_covered_display": "61"}, "missing_lines": [236, 237, 238, 257, 258, 278, 279, 280, 281], "excluded_lines": [], "start_line": 215}, "Phase3Adapter.check_convergence": {"executed_lines": [304, 305, 308, 309, 311, 312, 313, 314, 316, 318, 325, 327, 334], "summary": {"covered_lines": 13, "num_statements": 17, "percent_covered": 76.47058823529412, "percent_covered_display": "76", "missing_lines": 4, "excluded_lines": 0, "percent_statements_covered": 76.47058823529412, "percent_statements_covered_display": "76"}, "missing_lines": [342, 343, 344, 345], "excluded_lines": [], "start_line": 287}, "Phase3Adapter.get_health": {"executed_lines": [353], "summary": {"covered_lines": 1, "num_statements": 1, "percent_covered": 100.0, "percent_covered_display": "100", "missing_lines": 0, "excluded_lines": 0, "percent_statements_covered": 100.0, "percent_statements_covered_display": "100"}, "missing_lines": [], "excluded_lines": [], "start_line": 351}, "Phase3Adapter.get_dlq_contents": {"executed_lines": [363], "summary": {"covered_lines": 1, "num_statements": 1, "percent_covered": 100.0, "percent_covered_display": "100", "missing_lines": 0, "excluded_lines": 0, "percent_statements_covered": 100.0, "percent_statements_covered_display": "100"}, "missing_lines": [], "excluded_lines": [], "start_line": 361}, "Phase3Adapter.clear_dlq": {"executed_lines": [367], "summary": {"covered_lines": 1, "num_statements": 1, "percent_covered": 100.0, "percent_covered_display": "100", "missing_lines": 0, "excluded_lines": 0, "percent_statements_covered": 100.0, "percent_statements_covered_display": "100"}, "missing_lines": [], "excluded_lines": [], "start_line": 365}, "Phase3Adapter._validate_request": {"executed_lines": [371, 373, 374, 375, 376, 378, 379, 380, 383], "summary": {"covered_lines": 9, "num_statements": 10, "percent_covered": 90.0, "percent_covered_display": "90", "missing_lines": 1, "excluded_lines": 0, "percent_statements_covered": 90.0, "percent_statements_covered_display": "90"}, "missing_lines": [381], "excluded_lines": [], "start_line": 369}, "Phase3Adapter._to_canonical_format": {"executed_lines": [387], "summary": {"covered_lines": 1, "num_statements": 1, "percent_covered": 100.0, "percent_covered_display": "100", "missing_lines": 0, "excluded_lines": 0, "percent_statements_covered": 100.0, "percent_statements_covered_display": "100"}, "missing_lines": [], "excluded_lines": [], "start_line": 385}, "create_adapter": {"executed_lines": [], "summary": {"covered_lines": 0, "num_statements": 1, "percent_covered": 0.0, "percent_covered_display": "0", "missing_lines": 1, "excluded_lines": 0, "percent_statements_covered": 0.0, "percent_statements_covered_display": "0"}, "missing_lines": [424], "excluded_lines": [], "start_line": 411}, "main": {"executed_lines": [], "summary": {"covered_lines": 0, "num_statements": 20, "percent_covered": 0.0, "percent_covered_display": "0", "missing_lines": 20, "excluded_lines": 0, "percent_statements_covered": 0.0, "percent_statements_covered_display": "0"}, "missing_lines": [433, 435, 436, 437, 438, 440, 443, 445, 446, 447, 448, 450, 451, 452, 453, 455, 456, 457, 458, 460], "excluded_lines": [], "start_line": 431}, "": {"executed_lines": [19, 20, 21, 22, 23, 24, 25, 26, 29, 30, 32, 33, 39, 50, 51, 74, 82, 104, 215, 287, 351, 361, 365, 369, 385, 411, 431, 463, 471], "summary": {"covered_lines": 29, "num_statements": 41, "percent_covered": 70.73170731707317, "percent_covered_display": "71", "missing_lines": 12, "excluded_lines": 0, "percent_statements_covered": 70.73170731707317, "percent_statements_covered_display": "71"}, "missing_lines": [40, 42, 48, 56, 58, 59, 63, 64, 65, 66, 67, 464], "excluded_lines": [], "start_line": 1}}, "classes": {"Phase3Adapter": {"executed_lines": [93, 94, 97, 99, 124, 125, 128, 129, 130, 131, 132, 135, 136, 138, 144, 146, 165, 177, 178, 184, 194, 196, 203, 231, 232, 235, 240, 241, 242, 243, 245, 247, 248, 251, 256, 264, 271, 304, 305, 308, 309, 311, 312, 313, 314, 316, 318, 325, 327, 334, 353, 363, 367, 371, 373, 374, 375, 376, 378, 379, 380, 383, 387], "summary": {"covered_lines": 63, "num_statements": 93, "percent_covered": 67.74193548387096, "percent_covered_display": "68", "missing_lines": 30, "excluded_lines": 0, "percent_statements_covered": 67.74193548387096, "percent_statements_covered_display": "68"}, "missing_lines": [149, 150, 152, 153, 160, 162, 168, 171, 172, 174, 185, 186, 205, 206, 207, 208, 236, 237, 238, 257, 258, 278, 279, 280, 281, 342, 343, 344, 345, 381], "excluded_lines": [], "start_line": 74}, "": {"executed_lines": [19, 20, 21, 22, 23, 24, 25, 26, 29, 30, 32, 33, 39, 50, 51, 74, 82, 104, 215, 287, 351, 361, 365, 369, 385, 411, 431, 463, 471], "summary": {"covered_lines": 29, "num_statements": 62, "percent_covered": 46.774193548387096, "percent_covered_display": "47", "missing_lines": 33, "excluded_lines": 0, "percent_statements_covered": 46.774193548387096, "percent_statements_covered_display": "47"}, "missing_lines": [40, 42, 48, 56, 58, 59, 63, 64, 65, 66, 67, 424, 433, 435, 436, 437, 438, 440, 443, 445, 446, 447, 448, 450, 451, 452, 453, 455, 456, 457, 458, 460, 464], "excluded_lines": [], "start_line": 1}}}, "src\\phase3_executor.py": {"executed_lines": [26, 27, 28, 29, 30, 31, 32, 33, 34, 35, 36, 37, 38, 39, 42, 43, 44, 46, 47, 56, 61, 89, 90, 98, 112, 113, 121, 122, 123, 124, 127, 128, 129, 132, 133, 134, 137, 138, 141, 142, 143, 144, 145, 146, 149, 150, 153, 154, 157, 158, 159, 160, 161, 164, 166, 167, 200, 228, 230, 231, 233, 235, 237, 238, 239, 241, 242, 243, 244, 245, 248, 249, 251, 258, 265, 266, 267, 268, 270, 286, 287, 288, 290, 298, 300, 307, 309, 311, 313, 314, 316, 318, 325, 334, 341, 343, 358, 359, 362, 363, 365, 366, 367, 369, 370, 372, 373, 374, 376, 378, 393, 394, 396, 397, 401, 408, 419, 424, 425, 426, 427, 429, 442, 449, 450, 452, 458, 460, 477, 478, 483, 485, 486, 491, 493, 495, 497, 498, 502, 505, 514, 515, 518, 519, 521, 524, 525, 527, 534, 536, 548, 552, 553, 555, 563, 565, 567, 569, 570, 578, 579, 580, 585, 598, 599, 601, 602, 603, 604, 605, 606, 607, 608, 609, 611, 613, 626, 637, 642, 643, 644, 646, 662, 663, 664, 669, 681, 682, 683, 684, 687, 691, 697, 705, 706, 709, 711, 723, 725, 734, 736, 746, 749, 751, 752, 754, 756, 757, 759, 772, 775, 776, 780, 781, 782, 783, 785, 788, 790, 797, 809, 814, 815, 816, 817, 818, 820, 834, 835, 836, 839, 840, 841, 842, 844, 851, 852, 855, 858, 860, 861, 868, 870, 877, 879, 883, 886, 887, 891, 893, 900, 920, 932, 933, 936, 937, 938, 939, 940, 941, 948, 949, 950, 951, 952, 953, 963, 964, 971, 991, 996, 1001, 1018, 1019, 1022, 1023, 1024, 1026, 1034, 1036, 1038, 1039, 1040, 1043, 1045, 1048, 1049, 1058, 1060, 1063, 1076, 1082, 1102, 1108, 1111, 1112, 1117, 1118, 1121, 1122, 1128, 1134, 1135, 1136, 1137, 1138, 1144, 1155, 1156, 1158, 1178, 1187, 1194, 1203, 1205, 1207, 1210, 1215, 1217, 1219, 1221, 1230, 1232, 1292, 1301, 1310, 1357, 1363, 1364, 1367, 1370, 1372, 1374, 1380, 1382, 1383, 1386, 1388, 1394, 1395, 1396, 1398, 1418, 1420, 1426, 1428, 1429, 1430, 1434, 1435, 1437, 1438, 1439, 1440, 1442, 1443, 1444, 1447, 1449, 1451, 1452, 1454, 1455, 1456, 1457, 1459, 1465, 1523, 1571, 1605, 1641, 1701], "summary": {"covered_lines": 372, "num_statements": 544, "percent_covered": 68.38235294117646, "percent_covered_display": "68", "missing_lines": 172, "excluded_lines": 0, "percent_statements_covered": 68.38235294117646, "percent_statements_covered_display": "68"}, "missing_lines": [66, 68, 77, 82, 99, 100, 101, 102, 103, 104, 105, 549, 550, 750, 784, 786, 880, 957, 958, 972, 973, 977, 978, 985, 986, 990, 992, 1050, 1055, 1064, 1066, 1067, 1073, 1083, 1084, 1085, 1086, 1088, 1089, 1095, 1097, 1099, 1123, 1124, 1125, 1146, 1147, 1152, 1189, 1190, 1191, 1192, 1208, 1216, 1245, 1246, 1249, 1250, 1252, 1254, 1257, 1258, 1263, 1270, 1275, 1277, 1283, 1285, 1286, 1290, 1294, 1295, 1296, 1297, 1299, 1305, 1327, 1328, 1331, 1332, 1335, 1337, 1338, 1339, 1341, 1344, 1348, 1349, 1351, 1352, 1353, 1355, 1384, 1400, 1401, 1407, 1408, 1410, 1411, 1416, 1431, 1480, 1482, 1484, 1486, 1489, 1497, 1500, 1502, 1503, 1511, 1513, 1515, 1521, 1534, 1535, 1537, 1539, 1541, 1543, 1546, 1548, 1550, 1551, 1559, 1561, 1563, 1569, 1582, 1583, 1586, 1588, 1589, 1590, 1593, 1594, 1595, 1597, 1598, 1601, 1603, 1617, 1619, 1620, 1623, 1633, 1634, 1637, 1639, 1651, 1654, 1657, 1660, 1667, 1668, 1669, 1670, 1671, 1674, 1676, 1677, 1680, 1681, 1682, 1684, 1685, 1686, 1687, 1690, 1691, 1692, 1694], "excluded_lines": [], "functions": {"Phase3Config.from_env": {"executed_lines": [200, 228, 230, 231, 233, 235, 237, 238, 239, 241, 242, 243, 244, 245, 248, 249, 251], "summary": {"covered_lines": 17, "num_statements": 17, "percent_covered": 100.0, "percent_covered_display": "100", "missing_lines": 0, "excluded_lines": 0, "percent_statements_covered": 100.0, "percent_statements_covered_display": "100"}, "missing_lines": [], "excluded_lines": [], "start_line": 167}, "HypothesisDLQ.__init__": {"executed_lines": [266, 267, 268], "summary": {"covered_lines": 3, "num_statements": 3, "percent_covered": 100.0, "percent_covered_display": "100", "missing_lines": 0, "excluded_lines": 0, "percent_statements_covered": 100.0, "percent_statements_covered_display": "100"}, "missing_lines": [], "excluded_lines": [], "start_line": 265}, "HypothesisDLQ.add": {"executed_lines": [286, 287, 288, 290, 298, 300], "summary": {"covered_lines": 6, "num_statements": 6, "percent_covered": 100.0, "percent_covered_display": "100", "missing_lines": 0, "excluded_lines": 0, "percent_statements_covered": 100.0, "percent_statements_covered_display": "100"}, "missing_lines": [], "excluded_lines": [], "start_line": 270}, "HypothesisDLQ.get_all": {"executed_lines": [309], "summary": {"covered_lines": 1, "num_statements": 1, "percent_covered": 100.0, "percent_covered_display": "100", "missing_lines": 0, "excluded_lines": 0, "percent_statements_covered": 100.0, "percent_statements_covered_display": "100"}, "missing_lines": [], "excluded_lines": [], "start_line": 307}, "HypothesisDLQ.clear": {"executed_lines": [313, 314], "summary": {"covered_lines": 2, "num_statements": 2, "percent_covered": 100.0, "percent_covered_display": "100", "missing_lines": 0, "excluded_lines": 0, "percent_statements_covered": 100.0, "percent_statements_covered_display": "100"}, "missing_lines": [], "excluded_lines": [], "start_line": 311}, "HypothesisDLQ.size": {"executed_lines": [318], "summary": {"covered_lines": 1, "num_statements": 1, "percent_covered": 100.0, "percent_covered_display": "100", "missing_lines": 0, "excluded_lines": 0, "percent_statements_covered": 100.0, "percent_statements_covered_display": "100"}, "missing_lines": [], "excluded_lines": [], "start_line": 316}, "UCB1SelectionStrategy.__init__": {"executed_lines": [341], "summary": {"covered_lines": 1, "num_statements": 1, "percent_covered": 100.0, "percent_covered_display": "100", "missing_lines": 0, "excluded_lines": 0, "percent_statements_covered": 100.0, "percent_statements_covered_display": "100"}, "missing_lines": [], "excluded_lines": [], "start_line": 334}, "UCB1SelectionStrategy.select_child": {"executed_lines": [358, 359, 362, 363, 365, 366, 367, 369, 370, 372, 373, 374, 376], "summary": {"covered_lines": 13, "num_statements": 13, "percent_covered": 100.0, "percent_covered_display": "100", "missing_lines": 0, "excluded_lines": 0, "percent_statements_covered": 100.0, "percent_statements_covered_display": "100"}, "missing_lines": [], "excluded_lines": [], "start_line": 343}, "UCB1SelectionStrategy.calculate_ucb1": {"executed_lines": [393, 394, 396, 397, 401], "summary": {"covered_lines": 5, "num_statements": 5, "percent_covered": 100.0, "percent_covered_display": "100", "missing_lines": 0, "excluded_lines": 0, "percent_statements_covered": 100.0, "percent_statements_covered_display": "100"}, "missing_lines": [], "excluded_lines": [], "start_line": 378}, "SearchTreeBuilder.__init__": {"executed_lines": [424, 425, 426, 427], "summary": {"covered_lines": 4, "num_statements": 4, "percent_covered": 100.0, "percent_covered_display": "100", "missing_lines": 0, "excluded_lines": 0, "percent_statements_covered": 100.0, "percent_statements_covered_display": "100"}, "missing_lines": [], "excluded_lines": [], "start_line": 419}, "SearchTreeBuilder.build_root": {"executed_lines": [442, 449, 450, 452, 458], "summary": {"covered_lines": 5, "num_statements": 5, "percent_covered": 100.0, "percent_covered_display": "100", "missing_lines": 0, "excluded_lines": 0, "percent_statements_covered": 100.0, "percent_statements_covered_display": "100"}, "missing_lines": [], "excluded_lines": [], "start_line": 429}, "SearchTreeBuilder.expand_node": {"executed_lines": [477, 478, 483, 485, 486, 491, 493, 495, 497, 498, 502, 505, 514, 515, 518, 519, 521, 524, 525, 527, 534], "summary": {"covered_lines": 21, "num_statements": 21, "percent_covered": 100.0, "percent_covered_display": "100", "missing_lines": 0, "excluded_lines": 0, "percent_statements_covered": 100.0, "percent_statements_covered_display": "100"}, "missing_lines": [], "excluded_lines": [], "start_line": 460}, "SearchTreeBuilder.update_node_value": {"executed_lines": [548, 552, 553, 555], "summary": {"covered_lines": 4, "num_statements": 6, "percent_covered": 66.66666666666667, "percent_covered_display": "67", "missing_lines": 2, "excluded_lines": 0, "percent_statements_covered": 66.66666666666667, "percent_statements_covered_display": "67"}, "missing_lines": [549, 550], "excluded_lines": [], "start_line": 536}, "SearchTreeBuilder.get_node": {"executed_lines": [565], "summary": {"covered_lines": 1, "num_statements": 1, "percent_covered": 100.0, "percent_covered_display": "100", "missing_lines": 0, "excluded_lines": 0, "percent_statements_covered": 100.0, "percent_statements_covered_display": "100"}, "missing_lines": [], "excluded_lines": [], "start_line": 563}, "SearchTreeBuilder.get_tree_statistics": {"executed_lines": [569, 570, 578, 579, 580, 585], "summary": {"covered_lines": 6, "num_statements": 6, "percent_covered": 100.0, "percent_covered_display": "100", "missing_lines": 0, "excluded_lines": 0, "percent_statements_covered": 100.0, "percent_statements_covered_display": "100"}, "missing_lines": [], "excluded_lines": [], "start_line": 567}, "ValidationMetrics.to_dict": {"executed_lines": [613], "summary": {"covered_lines": 1, "num_statements": 1, "percent_covered": 100.0, "percent_covered_display": "100", "missing_lines": 0, "excluded_lines": 0, "percent_statements_covered": 100.0, "percent_statements_covered_display": "100"}, "missing_lines": [], "excluded_lines": [], "start_line": 611}, "HypothesisValidator.__init__": {"executed_lines": [642, 643, 644], "summary": {"covered_lines": 3, "num_statements": 3, "percent_covered": 100.0, "percent_covered_display": "100", "missing_lines": 0, "excluded_lines": 0, "percent_statements_covered": 100.0, "percent_statements_covered_display": "100"}, "missing_lines": [], "excluded_lines": [], "start_line": 637}, "HypothesisValidator.validate": {"executed_lines": [662, 663, 664, 669, 681, 682, 683, 684, 687, 691, 697, 705, 706, 709, 711, 723, 725, 734], "summary": {"covered_lines": 18, "num_statements": 18, "percent_covered": 100.0, "percent_covered_display": "100", "missing_lines": 0, "excluded_lines": 0, "percent_statements_covered": 100.0, "percent_statements_covered_display": "100"}, "missing_lines": [], "excluded_lines": [], "start_line": 646}, "HypothesisValidator._calculate_confidence_interval": {"executed_lines": [746, 749, 751, 752, 754, 756, 757], "summary": {"covered_lines": 7, "num_statements": 8, "percent_covered": 87.5, "percent_covered_display": "88", "missing_lines": 1, "excluded_lines": 0, "percent_statements_covered": 87.5, "percent_statements_covered_display": "88"}, "missing_lines": [750], "excluded_lines": [], "start_line": 736}, "HypothesisValidator._perform_t_test": {"executed_lines": [772, 775, 776, 780, 781, 782, 783, 785, 788, 790], "summary": {"covered_lines": 10, "num_statements": 12, "percent_covered": 83.33333333333333, "percent_covered_display": "83", "missing_lines": 2, "excluded_lines": 0, "percent_statements_covered": 83.33333333333333, "percent_statements_covered_display": "83"}, "missing_lines": [784, 786], "excluded_lines": [], "start_line": 759}, "ConvergenceDetector.__init__": {"executed_lines": [814, 815, 816, 817, 818], "summary": {"covered_lines": 5, "num_statements": 5, "percent_covered": 100.0, "percent_covered_display": "100", "missing_lines": 0, "excluded_lines": 0, "percent_statements_covered": 100.0, "percent_statements_covered_display": "100"}, "missing_lines": [], "excluded_lines": [], "start_line": 809}, "ConvergenceDetector.update": {"executed_lines": [834, 835, 836, 839, 840, 841, 842], "summary": {"covered_lines": 7, "num_statements": 7, "percent_covered": 100.0, "percent_covered_display": "100", "missing_lines": 0, "excluded_lines": 0, "percent_statements_covered": 100.0, "percent_statements_covered_display": "100"}, "missing_lines": [], "excluded_lines": [], "start_line": 820}, "ConvergenceDetector.check_convergence": {"executed_lines": [851, 852, 855, 858, 860, 861, 868], "summary": {"covered_lines": 7, "num_statements": 7, "percent_covered": 100.0, "percent_covered_display": "100", "missing_lines": 0, "excluded_lines": 0, "percent_statements_covered": 100.0, "percent_statements_covered_display": "100"}, "missing_lines": [], "excluded_lines": [], "start_line": 844}, "ConvergenceDetector._calculate_aci": {"executed_lines": [877, 879, 883, 886, 887, 891, 893], "summary": {"covered_lines": 7, "num_statements": 8, "percent_covered": 87.5, "percent_covered_display": "88", "missing_lines": 1, "excluded_lines": 0, "percent_statements_covered": 87.5, "percent_statements_covered_display": "88"}, "missing_lines": [880], "excluded_lines": [], "start_line": 870}, "MCTSSearchExecutor.__init__": {"executed_lines": [932, 933, 936, 937, 938, 939, 940, 941, 948, 949, 950, 951, 952, 953, 963, 964, 971, 991, 996], "summary": {"covered_lines": 19, "num_statements": 29, "percent_covered": 65.51724137931035, "percent_covered_display": "66", "missing_lines": 10, "excluded_lines": 0, "percent_statements_covered": 65.51724137931035, "percent_statements_covered_display": "66"}, "missing_lines": [957, 958, 972, 973, 977, 978, 985, 986, 990, 992], "excluded_lines": [], "start_line": 920}, "MCTSSearchExecutor.execute_search": {"executed_lines": [1018, 1019, 1022, 1023, 1024, 1026, 1034, 1036, 1038, 1039, 1040, 1043, 1045, 1048, 1049, 1058, 1060, 1063, 1076, 1082, 1102, 1108, 1111, 1112, 1117, 1118, 1121, 1122, 1128, 1134, 1135, 1136, 1137, 1138, 1144, 1155, 1156, 1158, 1178, 1187], "summary": {"covered_lines": 40, "num_statements": 65, "percent_covered": 61.53846153846154, "percent_covered_display": "62", "missing_lines": 25, "excluded_lines": 0, "percent_statements_covered": 61.53846153846154, "percent_statements_covered_display": "62"}, "missing_lines": [1050, 1055, 1064, 1066, 1067, 1073, 1083, 1084, 1085, 1086, 1088, 1089, 1095, 1097, 1099, 1123, 1124, 1125, 1146, 1147, 1152, 1189, 1190, 1191, 1192], "excluded_lines": [], "start_line": 1001}, "MCTSSearchExecutor._select_node": {"executed_lines": [1203, 1205, 1207, 1210, 1215, 1217, 1219], "summary": {"covered_lines": 7, "num_statements": 9, "percent_covered": 77.77777777777777, "percent_covered_display": "78", "missing_lines": 2, "excluded_lines": 0, "percent_statements_covered": 77.77777777777777, "percent_statements_covered_display": "78"}, "missing_lines": [1208, 1216], "excluded_lines": [], "start_line": 1194}, "MCTSSearchExecutor._should_use_aci_guidance": {"executed_lines": [1230], "summary": {"covered_lines": 1, "num_statements": 1, "percent_covered": 100.0, "percent_covered_display": "100", "missing_lines": 0, "excluded_lines": 0, "percent_statements_covered": 100.0, "percent_statements_covered_display": "100"}, "missing_lines": [], "excluded_lines": [], "start_line": 1221}, "MCTSSearchExecutor._aci_guided_selection": {"executed_lines": [], "summary": {"covered_lines": 0, "num_statements": 16, "percent_covered": 0.0, "percent_covered_display": "0", "missing_lines": 16, "excluded_lines": 0, "percent_statements_covered": 0.0, "percent_statements_covered_display": "0"}, "missing_lines": [1245, 1246, 1249, 1250, 1252, 1254, 1257, 1258, 1263, 1270, 1275, 1277, 1283, 1285, 1286, 1290], "excluded_lines": [], "start_line": 1232}, "MCTSSearchExecutor._extract_reward_history": {"executed_lines": [], "summary": {"covered_lines": 0, "num_statements": 5, "percent_covered": 0.0, "percent_covered_display": "0", "missing_lines": 5, "excluded_lines": 0, "percent_statements_covered": 0.0, "percent_statements_covered_display": "0"}, "missing_lines": [1294, 1295, 1296, 1297, 1299], "excluded_lines": [], "start_line": 1292}, "MCTSSearchExecutor._extract_input_history": {"executed_lines": [], "summary": {"covered_lines": 0, "num_statements": 1, "percent_covered": 0.0, "percent_covered_display": "0", "missing_lines": 1, "excluded_lines": 0, "percent_statements_covered": 0.0, "percent_statements_covered_display": "0"}, "missing_lines": [1305], "excluded_lines": [], "start_line": 1301}, "MCTSSearchExecutor._select_child_with_aci_boost": {"executed_lines": [], "summary": {"covered_lines": 0, "num_statements": 16, "percent_covered": 0.0, "percent_covered_display": "0", "missing_lines": 16, "excluded_lines": 0, "percent_statements_covered": 0.0, "percent_statements_covered_display": "0"}, "missing_lines": [1327, 1328, 1331, 1332, 1335, 1337, 1338, 1339, 1341, 1344, 1348, 1349, 1351, 1352, 1353, 1355], "excluded_lines": [], "start_line": 1310}, "MCTSSearchExecutor._expand_node": {"executed_lines": [1363, 1364, 1367, 1370, 1372], "summary": {"covered_lines": 5, "num_statements": 5, "percent_covered": 100.0, "percent_covered_display": "100", "missing_lines": 0, "excluded_lines": 0, "percent_statements_covered": 100.0, "percent_statements_covered_display": "100"}, "missing_lines": [], "excluded_lines": [], "start_line": 1357}, "MCTSSearchExecutor._simulate_nodes": {"executed_lines": [1380, 1382, 1383, 1386, 1388, 1394, 1395, 1396, 1398, 1418], "summary": {"covered_lines": 10, "num_statements": 18, "percent_covered": 55.55555555555556, "percent_covered_display": "56", "missing_lines": 8, "excluded_lines": 0, "percent_statements_covered": 55.55555555555556, "percent_statements_covered_display": "56"}, "missing_lines": [1384, 1400, 1401, 1407, 1408, 1410, 1411, 1416], "excluded_lines": [], "start_line": 1374}, "MCTSSearchExecutor._backpropagate": {"executed_lines": [1426, 1428, 1429, 1430, 1434, 1435, 1437, 1438, 1439, 1440, 1442, 1443, 1444, 1447], "summary": {"covered_lines": 14, "num_statements": 15, "percent_covered": 93.33333333333333, "percent_covered_display": "93", "missing_lines": 1, "excluded_lines": 0, "percent_statements_covered": 93.33333333333333, "percent_statements_covered_display": "93"}, "missing_lines": [1431], "excluded_lines": [], "start_line": 1420}, "MCTSSearchExecutor._find_best_hypothesis": {"executed_lines": [1451, 1452, 1454, 1455, 1456, 1457, 1459], "summary": {"covered_lines": 7, "num_statements": 7, "percent_covered": 100.0, "percent_covered_display": "100", "missing_lines": 0, "excluded_lines": 0, "percent_statements_covered": 100.0, "percent_statements_covered_display": "100"}, "missing_lines": [], "excluded_lines": [], "start_line": 1449}, "MCTSSearchExecutor._is_path_satisfiable": {"executed_lines": [], "summary": {"covered_lines": 0, "num_statements": 13, "percent_covered": 0.0, "percent_covered_display": "0", "missing_lines": 13, "excluded_lines": 0, "percent_statements_covered": 0.0, "percent_statements_covered_display": "0"}, "missing_lines": [1480, 1482, 1484, 1486, 1489, 1497, 1500, 1502, 1503, 1511, 1513, 1515, 1521], "excluded_lines": [], "start_line": 1465}, "MCTSSearchExecutor._verify_hypothesis_constraints": {"executed_lines": [], "summary": {"covered_lines": 0, "num_statements": 14, "percent_covered": 0.0, "percent_covered_display": "0", "missing_lines": 14, "excluded_lines": 0, "percent_statements_covered": 0.0, "percent_statements_covered_display": "0"}, "missing_lines": [1534, 1535, 1537, 1539, 1541, 1543, 1546, 1548, 1550, 1551, 1559, 1561, 1563, 1569], "excluded_lines": [], "start_line": 1523}, "MCTSSearchExecutor._encode_path_to_z3": {"executed_lines": [], "summary": {"covered_lines": 0, "num_statements": 13, "percent_covered": 0.0, "percent_covered_display": "0", "missing_lines": 13, "excluded_lines": 0, "percent_statements_covered": 0.0, "percent_statements_covered_display": "0"}, "missing_lines": [1582, 1583, 1586, 1588, 1589, 1590, 1593, 1594, 1595, 1597, 1598, 1601, 1603], "excluded_lines": [], "start_line": 1571}, "MCTSSearchExecutor._encode_hypothesis_with_constraints": {"executed_lines": [], "summary": {"covered_lines": 0, "num_statements": 8, "percent_covered": 0.0, "percent_covered_display": "0", "missing_lines": 8, "excluded_lines": 0, "percent_statements_covered": 0.0, "percent_statements_covered_display": "0"}, "missing_lines": [1617, 1619, 1620, 1623, 1633, 1634, 1637, 1639], "excluded_lines": [], "start_line": 1605}, "MCTSSearchExecutor._extract_constraints_from_hypothesis": {"executed_lines": [], "summary": {"covered_lines": 0, "num_statements": 23, "percent_covered": 0.0, "percent_covered_display": "0", "missing_lines": 23, "excluded_lines": 0, "percent_statements_covered": 0.0, "percent_statements_covered_display": "0"}, "missing_lines": [1651, 1654, 1657, 1660, 1667, 1668, 1669, 1670, 1671, 1674, 1676, 1677, 1680, 1681, 1682, 1684, 1685, 1686, 1687, 1690, 1691, 1692, 1694], "excluded_lines": [], "start_line": 1641}, "": {"executed_lines": [26, 27, 28, 29, 30, 31, 32, 33, 34, 35, 36, 37, 38, 39, 42, 43, 44, 46, 47, 56, 61, 89, 90, 98, 112, 113, 121, 122, 123, 124, 127, 128, 129, 132, 133, 134, 137, 138, 141, 142, 143, 144, 145, 146, 149, 150, 153, 154, 157, 158, 159, 160, 161, 164, 166, 167, 258, 265, 270, 307, 311, 316, 325, 334, 343, 378, 408, 419, 429, 460, 536, 563, 567, 598, 599, 601, 602, 603, 604, 605, 606, 607, 608, 609, 611, 626, 637, 646, 736, 759, 797, 809, 820, 844, 870, 900, 920, 1001, 1194, 1221, 1232, 1292, 1301, 1310, 1357, 1374, 1420, 1449, 1465, 1523, 1571, 1605, 1641, 1701], "summary": {"covered_lines": 114, "num_statements": 125, "percent_covered": 91.2, "percent_covered_display": "91", "missing_lines": 11, "excluded_lines": 0, "percent_statements_covered": 91.2, "percent_statements_covered_display": "91"}, "missing_lines": [66, 68, 77, 82, 99, 100, 101, 102, 103, 104, 105], "excluded_lines": [], "start_line": 1}}, "classes": {"Phase3Config": {"executed_lines": [200, 228, 230, 231, 233, 235, 237, 238, 239, 241, 242, 243, 244, 245, 248, 249, 251], "summary": {"covered_lines": 17, "num_statements": 17, "percent_covered": 100.0, "percent_covered_display": "100", "missing_lines": 0, "excluded_lines": 0, "percent_statements_covered": 100.0, "percent_statements_covered_display": "100"}, "missing_lines": [], "excluded_lines": [], "start_line": 113}, "HypothesisDLQ": {"executed_lines": [266, 267, 268, 286, 287, 288, 290, 298, 300, 309, 313, 314, 318], "summary": {"covered_lines": 13, "num_statements": 13, "percent_covered": 100.0, "percent_covered_display": "100", "missing_lines": 0, "excluded_lines": 0, "percent_statements_covered": 100.0, "percent_statements_covered_display": "100"}, "missing_lines": [], "excluded_lines": [], "start_line": 258}, "UCB1SelectionStrategy": {"executed_lines": [341, 358, 359, 362, 363, 365, 366, 367, 369, 370, 372, 373, 374, 376, 393, 394, 396, 397, 401], "summary": {"covered_lines": 19, "num_statements": 19, "percent_covered": 100.0, "percent_covered_display": "100", "missing_lines": 0, "excluded_lines": 0, "percent_statements_covered": 100.0, "percent_statements_covered_display": "100"}, "missing_lines": [], "excluded_lines": [], "start_line": 325}, "SearchTreeBuilder": {"executed_lines": [424, 425, 426, 427, 442, 449, 450, 452, 458, 477, 478, 483, 485, 486, 491, 493, 495, 497, 498, 502, 505, 514, 515, 518, 519, 521, 524, 525, 527, 534, 548, 552, 553, 555, 565, 569, 570, 578, 579, 580, 585], "summary": {"covered_lines": 41, "num_statements": 43, "percent_covered": 95.34883720930233, "percent_covered_display": "95", "missing_lines": 2, "excluded_lines": 0, "percent_statements_covered": 95.34883720930233, "percent_statements_covered_display": "95"}, "missing_lines": [549, 550], "excluded_lines": [], "start_line": 408}, "ValidationMetrics": {"executed_lines": [613], "summary": {"covered_lines": 1, "num_statements": 1, "percent_covered": 100.0, "percent_covered_display": "100", "missing_lines": 0, "excluded_lines": 0, "percent_statements_covered": 100.0, "percent_statements_covered_display": "100"}, "missing_lines": [], "excluded_lines": [], "start_line": 599}, "HypothesisValidator": {"executed_lines": [642, 643, 644, 662, 663, 664, 669, 681, 682, 683, 684, 687, 691, 697, 705, 706, 709, 711, 723, 725, 734, 746, 749, 751, 752, 754, 756, 757, 772, 775, 776, 780, 781, 782, 783, 785, 788, 790], "summary": {"covered_lines": 38, "num_statements": 41, "percent_covered": 92.6829268292683, "percent_covered_display": "93", "missing_lines": 3, "excluded_lines": 0, "percent_statements_covered": 92.6829268292683, "percent_statements_covered_display": "93"}, "missing_lines": [750, 784, 786], "excluded_lines": [], "start_line": 626}, "ConvergenceDetector": {"executed_lines": [814, 815, 816, 817, 818, 834, 835, 836, 839, 840, 841, 842, 851, 852, 855, 858, 860, 861, 868, 877, 879, 883, 886, 887, 891, 893], "summary": {"covered_lines": 26, "num_statements": 27, "percent_covered": 96.29629629629629, "percent_covered_display": "96", "missing_lines": 1, "excluded_lines": 0, "percent_statements_covered": 96.29629629629629, "percent_statements_covered_display": "96"}, "missing_lines": [880], "excluded_lines": [], "start_line": 797}, "MCTSSearchExecutor": {"executed_lines": [932, 933, 936, 937, 938, 939, 940, 941, 948, 949, 950, 951, 952, 953, 963, 964, 971, 991, 996, 1018, 1019, 1022, 1023, 1024, 1026, 1034, 1036, 1038, 1039, 1040, 1043, 1045, 1048, 1049, 1058, 1060, 1063, 1076, 1082, 1102, 1108, 1111, 1112, 1117, 1118, 1121, 1122, 1128, 1134, 1135, 1136, 1137, 1138, 1144, 1155, 1156, 1158, 1178, 1187, 1203, 1205, 1207, 1210, 1215, 1217, 1219, 1230, 1363, 1364, 1367, 1370, 1372, 1380, 1382, 1383, 1386, 1388, 1394, 1395, 1396, 1398, 1418, 1426, 1428, 1429, 1430, 1434, 1435, 1437, 1438, 1439, 1440, 1442, 1443, 1444, 1447, 1451, 1452, 1454, 1455, 1456, 1457, 1459], "summary": {"covered_lines": 103, "num_statements": 258, "percent_covered": 39.92248062015504, "percent_covered_display": "40", "missing_lines": 155, "excluded_lines": 0, "percent_statements_covered": 39.92248062015504, "percent_statements_covered_display": "40"}, "missing_lines": [957, 958, 972, 973, 977, 978, 985, 986, 990, 992, 1050, 1055, 1064, 1066, 1067, 1073, 1083, 1084, 1085, 1086, 1088, 1089, 1095, 1097, 1099, 1123, 1124, 1125, 1146, 1147, 1152, 1189, 1190, 1191, 1192, 1208, 1216, 1245, 1246, 1249, 1250, 1252, 1254, 1257, 1258, 1263, 1270, 1275, 1277, 1283, 1285, 1286, 1290, 1294, 1295, 1296, 1297, 1299, 1305, 1327, 1328, 1331, 1332, 1335, 1337, 1338, 1339, 1341, 1344, 1348, 1349, 1351, 1352, 1353, 1355, 1384, 1400, 1401, 1407, 1408, 1410, 1411, 1416, 1431, 1480, 1482, 1484, 1486, 1489, 1497, 1500, 1502, 1503, 1511, 1513, 1515, 1521, 1534, 1535, 1537, 1539, 1541, 1543, 1546, 1548, 1550, 1551, 1559, 1561, 1563, 1569, 1582, 1583, 1586, 1588, 1589, 1590, 1593, 1594, 1595, 1597, 1598, 1601, 1603, 1617, 1619, 1620, 1623, 1633, 1634, 1637, 1639, 1651, 1654, 1657, 1660, 1667, 1668, 1669, 1670, 1671, 1674, 1676, 1677, 1680, 1681, 1682, 1684, 1685, 1686, 1687, 1690, 1691, 1692, 1694], "excluded_lines": [], "start_line": 900}, "": {"executed_lines": [26, 27, 28, 29, 30, 31, 32, 33, 34, 35, 36, 37, 38, 39, 42, 43, 44, 46, 47, 56, 61, 89, 90, 98, 112, 113, 121, 122, 123, 124, 127, 128, 129, 132, 133, 134, 137, 138, 141, 142, 143, 144, 145, 146, 149, 150, 153, 154, 157, 158, 159, 160, 161, 164, 166, 167, 258, 265, 270, 307, 311, 316, 325, 334, 343, 378, 408, 419, 429, 460, 536, 563, 567, 598, 599, 601, 602, 603, 604, 605, 606, 607, 608, 609, 611, 626, 637, 646, 736, 759, 797, 809, 820, 844, 870, 900, 920, 1001, 1194, 1221, 1232, 1292, 1301, 1310, 1357, 1374, 1420, 1449, 1465, 1523, 1571, 1605, 1641, 1701], "summary": {"covered_lines": 114, "num_statements": 125, "percent_covered": 91.2, "percent_covered_display": "91", "missing_lines": 11, "excluded_lines": 0, "percent_statements_covered": 91.2, "percent_statements_covered_display": "91"}, "missing_lines": [66, 68, 77, 82, 99, 100, 101, 102, 103, 104, 105], "excluded_lines": [], "start_line": 1}}}}, "totals": {"covered_lines": 695, "num_statements": 1194, "percent_covered": 58.20770519262982, "percent_covered_display": "58", "missing_lines": 499, "excluded_lines": 0, "percent_statements_covered": 58.20770519262982, "percent_statements_covered_display": "58"}}